2022-12-01 14:49:49,410 INFO : tcp_proxy: ON
2022-12-01 14:49:49,410 DEBUG : interface: 192.168.10.128
2022-12-01 14:49:49,410 DEBUG : bind_port: 8080
2022-12-01 14:49:51,959 INFO : Client connection successful!
2022-12-01 14:49:51,959 DEBUG : 
-----------------------------------
Client:
 |	IP address: 192.168.10.129
 |	Port: 54038
 |
 |
 v
Proxy (current):
 |	IP address: 192.168.10.128
 |	Port: 8080
 |
 |
 v
Server (original):
 	IP address: 192.168.10.131
 	Port: 44330
-----------------------------------

2022-12-01 14:49:51,962 INFO : Server connection successful!
2022-12-01 14:49:51,964 CRITICAL : Got server certificate
2022-12-01 14:49:51,970 CRITICAL : Got client certificate
2022-12-01 14:49:51,972 WARNING : Got error from server. Take a look!
2022-12-01 14:49:51,972 WARNING : Error text: Certificate expired
2022-12-01 14:49:51,972 ERROR : [TCPClientBridgeProto] Lose connection...
